<?xml version="1.0" encoding="UTF-8"?>
<testsuite xmlns:xsi="http://www.w3.org/2001/XMLSchema-instance" xsi:noNamespaceSchemaLocation="https://maven.apache.org/surefire/maven-surefire-plugin/xsd/surefire-test-report-3.0.xsd" version="3.0" name="com.testingspock.AddSpec" time="0.105" tests="1" errors="0" skipped="0" failures="0">
  <properties>
    <property name="sun.desktop" value="windows"/>
    <property name="awt.toolkit" value="sun.awt.windows.WToolkit"/>
    <property name="file.encoding.pkg" value="sun.io"/>
    <property name="java.specification.version" value="1.8"/>
    <property name="sun.cpu.isalist" value="amd64"/>
    <property name="sun.jnu.encoding" value="Cp1252"/>
    <property name="java.class.path" value="C:\Users\R2v\git\repository82\testingspock\target\test-classes;C:\Users\R2v\git\repository82\testingspock\target\classes;C:\Users\R2v\.m2\repository\org\spockframework\spock-core\2.1-groovy-3.0\spock-core-2.1-groovy-3.0.jar;C:\Users\R2v\.m2\repository\org\junit\platform\junit-platform-engine\1.8.1\junit-platform-engine-1.8.1.jar;C:\Users\R2v\.m2\repository\org\opentest4j\opentest4j\1.2.0\opentest4j-1.2.0.jar;C:\Users\R2v\.m2\repository\org\junit\platform\junit-platform-commons\1.8.1\junit-platform-commons-1.8.1.jar;C:\Users\R2v\.m2\repository\org\apiguardian\apiguardian-api\1.1.2\apiguardian-api-1.1.2.jar;C:\Users\R2v\.m2\repository\org\hamcrest\hamcrest\2.2\hamcrest-2.2.jar;C:\Users\R2v\.m2\repository\org\spockframework\spock-junit4\2.1-groovy-3.0\spock-junit4-2.1-groovy-3.0.jar;C:\Users\R2v\.m2\repository\junit\junit\4.13.2\junit-4.13.2.jar;C:\Users\R2v\.m2\repository\org\codehaus\groovy\groovy\3.0.9\groovy-3.0.9.jar;C:\Users\R2v\.m2\repository\net\bytebuddy\byte-buddy\1.12.7\byte-buddy-1.12.7.jar;C:\Users\R2v\.m2\repository\org\objenesis\objenesis\3.2\objenesis-3.2.jar;C:\Users\R2v\.m2\repository\org\hamcrest\hamcrest-core\2.2\hamcrest-core-2.2.jar;C:\Users\R2v\.m2\repository\com\h2database\h2\2.1.210\h2-2.1.210.jar;C:\Users\R2v\.m2\repository\org\codehaus\groovy\groovy-sql\3.0.9\groovy-sql-3.0.9.jar;"/>
    <property name="java.vm.vendor" value="Oracle Corporation"/>
    <property name="sun.arch.data.model" value="64"/>
    <property name="user.variant" value=""/>
    <property name="java.vendor.url" value="http://java.oracle.com/"/>
    <property name="user.timezone" value="Asia/Calcutta"/>
    <property name="java.vm.specification.version" value="1.8"/>
    <property name="os.name" value="Windows 10"/>
    <property name="user.country" value="IN"/>
    <property name="sun.java.launcher" value="SUN_STANDARD"/>
    <property name="sun.boot.library.path" value="C:\java\jdk1.8.0_161\jre\bin"/>
    <property name="sun.java.command" value="C:\Users\R2v\AppData\Local\Temp\surefire4969870924886113026\surefirebooter7770353966426151960.jar C:\Users\R2v\AppData\Local\Temp\surefire4969870924886113026 2022-07-18T14-45-11_225-jvmRun1 surefire2882852301819305811tmp surefire_07871178073284403083tmp"/>
    <property name="surefire.test.class.path" value="C:\Users\R2v\git\repository82\testingspock\target\test-classes;C:\Users\R2v\git\repository82\testingspock\target\classes;C:\Users\R2v\.m2\repository\org\spockframework\spock-core\2.1-groovy-3.0\spock-core-2.1-groovy-3.0.jar;C:\Users\R2v\.m2\repository\org\junit\platform\junit-platform-engine\1.8.1\junit-platform-engine-1.8.1.jar;C:\Users\R2v\.m2\repository\org\opentest4j\opentest4j\1.2.0\opentest4j-1.2.0.jar;C:\Users\R2v\.m2\repository\org\junit\platform\junit-platform-commons\1.8.1\junit-platform-commons-1.8.1.jar;C:\Users\R2v\.m2\repository\org\apiguardian\apiguardian-api\1.1.2\apiguardian-api-1.1.2.jar;C:\Users\R2v\.m2\repository\org\hamcrest\hamcrest\2.2\hamcrest-2.2.jar;C:\Users\R2v\.m2\repository\org\spockframework\spock-junit4\2.1-groovy-3.0\spock-junit4-2.1-groovy-3.0.jar;C:\Users\R2v\.m2\repository\junit\junit\4.13.2\junit-4.13.2.jar;C:\Users\R2v\.m2\repository\org\codehaus\groovy\groovy\3.0.9\groovy-3.0.9.jar;C:\Users\R2v\.m2\repository\net\bytebuddy\byte-buddy\1.12.7\byte-buddy-1.12.7.jar;C:\Users\R2v\.m2\repository\org\objenesis\objenesis\3.2\objenesis-3.2.jar;C:\Users\R2v\.m2\repository\org\hamcrest\hamcrest-core\2.2\hamcrest-core-2.2.jar;C:\Users\R2v\.m2\repository\com\h2database\h2\2.1.210\h2-2.1.210.jar;C:\Users\R2v\.m2\repository\org\codehaus\groovy\groovy-sql\3.0.9\groovy-sql-3.0.9.jar;"/>
    <property name="sun.cpu.endian" value="little"/>
    <property name="user.home" value="C:\Users\R2v"/>
    <property name="user.language" value="en"/>
    <property name="java.specification.vendor" value="Oracle Corporation"/>
    <property name="java.home" value="C:\java\jdk1.8.0_161\jre"/>
    <property name="basedir" value="C:\Users\R2v\git\repository82\testingspock"/>
    <property name="file.separator" value="\"/>
    <property name="line.separator" value="&#10;"/>
    <property name="java.vm.specification.vendor" value="Oracle Corporation"/>
    <property name="java.specification.name" value="Java Platform API Specification"/>
    <property name="java.awt.graphicsenv" value="sun.awt.Win32GraphicsEnvironment"/>
    <property name="surefire.real.class.path" value="C:\Users\R2v\AppData\Local\Temp\surefire4969870924886113026\surefirebooter7770353966426151960.jar"/>
    <property name="sun.boot.class.path" value="C:\java\jdk1.8.0_161\jre\lib\resources.jar;C:\java\jdk1.8.0_161\jre\lib\rt.jar;C:\java\jdk1.8.0_161\jre\lib\sunrsasign.jar;C:\java\jdk1.8.0_161\jre\lib\jsse.jar;C:\java\jdk1.8.0_161\jre\lib\jce.jar;C:\java\jdk1.8.0_161\jre\lib\charsets.jar;C:\java\jdk1.8.0_161\jre\lib\jfr.jar;C:\java\jdk1.8.0_161\jre\classes"/>
    <property name="user.script" value=""/>
    <property name="sun.management.compiler" value="HotSpot 64-Bit Tiered Compilers"/>
    <property name="java.runtime.version" value="1.8.0_161-b12"/>
    <property name="user.name" value="R2v"/>
    <property name="path.separator" value=";"/>
    <property name="os.version" value="10.0"/>
    <property name="java.endorsed.dirs" value="C:\java\jdk1.8.0_161\jre\lib\endorsed"/>
    <property name="java.runtime.name" value="Java(TM) SE Runtime Environment"/>
    <property name="file.encoding" value="Cp1252"/>
    <property name="java.vm.name" value="Java HotSpot(TM) 64-Bit Server VM"/>
    <property name="localRepository" value="C:\Users\R2v\.m2\repository"/>
    <property name="java.vendor.url.bug" value="http://bugreport.sun.com/bugreport/"/>
    <property name="java.io.tmpdir" value="C:\Users\R2v\AppData\Local\Temp\"/>
    <property name="java.version" value="1.8.0_161"/>
    <property name="user.dir" value="C:\Users\R2v\git\repository82\testingspock"/>
    <property name="os.arch" value="amd64"/>
    <property name="java.vm.specification.name" value="Java Virtual Machine Specification"/>
    <property name="java.awt.printerjob" value="sun.awt.windows.WPrinterJob"/>
    <property name="sun.os.patch.level" value=""/>
    <property name="java.library.path" value="C:\java\jdk1.8.0_161\jre\bin;C:\Windows\Sun\Java\bin;C:\Windows\system32;C:\Windows;C:/java/jdk1.8.0_161/bin/../jre/bin/server;C:/java/jdk1.8.0_161/bin/../jre/bin;C:/java/jdk1.8.0_161/bin/../jre/lib/amd64;C:\oraclexe\app\oracle\product\11.2.0\server\bin;;C:\ProgramData\DockerDesktop\version-bin;C:\Program Files\Docker\Docker\Resources\bin;C:\Windows\system32;C:\Windows;C:\Windows\System32\Wbem;C:\Windows\System32\WindowsPowerShell\v1.0\;C:\Windows\System32\OpenSSH\;C:\Program Files\Git\cmd;E:\hive\hadoop-3.1.4\hadoop-3.1.4\bin;C:\java\jdk1.8.0_161\bin;E:\hive\hadoop-2.9.2\hadoop-2.9.2\sbin;C:\Program Files (x86)\scala\bin;C:\Program Files\nodejs\;C:\Program Files\PuTTY\;C:\Users\R2v\AppData\Local\Programs\Python\Python39\Scripts\;C:\Users\R2v\AppData\Local\Programs\Python\Python39\;C:\Users\R2v\AppData\Local\Microsoft\WindowsApps;C:\Users\R2v\AppData\Local\Programs\Microsoft VS Code\bin;E:\hive\hadoop-2.9.2\hadoop-2.9.2\bin;C:\java\jdk1.8.0_161\bin;E:\hive\hadoop-2.9.2\hadoop-2.9.2\sbin;E:\hive\apache-hive-3.0.0-bin\apache-hive-3.0.0-bin\bin;C:\Program Files\Docker Toolbox;C:\Users\R2v\AppData\Roaming\npm;C:\Program Files\nodejs;D:\deloitreact\node_modules\.bin;;C:\Program Files\Docker Toolbox;D:\f drive\ide\eclipse-jee-2020-03-R-incubation-win32-x86_64\eclipse;;."/>
    <property name="java.vm.info" value="mixed mode"/>
    <property name="java.vendor" value="Oracle Corporation"/>
    <property name="java.vm.version" value="25.161-b12"/>
    <property name="java.ext.dirs" value="C:\java\jdk1.8.0_161\jre\lib\ext;C:\Windows\Sun\Java\lib\ext"/>
    <property name="sun.io.unicode.encoding" value="UnicodeLittle"/>
    <property name="java.class.version" value="52.0"/>
  </properties>
  <testcase name="Add Two Number" classname="com.testingspock.AddSpec" time="0.093"/>
</testsuite>